<?xml version="1.0" encoding="UTF-8"?>
<testng-results ignored="0" total="1" passed="1" failed="0" skipped="0">
  <reporter-output>
  </reporter-output>
  <suite started-at="2024-08-17T11:38:42 IST" name="Default suite" finished-at="2024-08-17T11:39:46 IST" duration-ms="64617">
    <groups>
    </groups>
    <test started-at="2024-08-17T11:38:42 IST" name="Default test" finished-at="2024-08-17T11:39:46 IST" duration-ms="64617">
      <class name="test.Fliptest">
        <test-method is-config="true" signature="setup()[pri:0, instance:test.Fliptest@41d477ed]" started-at="2024-08-17T11:38:42 IST" name="setup" finished-at="2024-08-17T11:38:43 IST" duration-ms="1686" status="PASS">
          <reporter-output>
          </reporter-output>
        </test-method> <!-- setup -->
        <test-method is-config="true" signature="url()[pri:0, instance:test.Fliptest@41d477ed]" started-at="2024-08-17T11:38:43 IST" name="url" finished-at="2024-08-17T11:38:51 IST" duration-ms="7214" status="PASS">
          <reporter-output>
          </reporter-output>
        </test-method> <!-- url -->
        <test-method signature="test()[pri:0, instance:test.Fliptest@41d477ed]" started-at="2024-08-17T11:38:51 IST" name="test" finished-at="2024-08-17T11:39:46 IST" duration-ms="55662" status="PASS">
          <reporter-output>
          </reporter-output>
        </test-method> <!-- test -->
      </class> <!-- test.Fliptest -->
    </test> <!-- Default test -->
  </suite> <!-- Default suite -->
</testng-results>
